c:\users\wdcta\onedrive\desktop\kit308\kit308_assignment2\raytracerass2\raytracerass2\release\vc142.pdb
c:\users\wdcta\onedrive\desktop\kit308\kit308_assignment2\raytracerass2\raytracerass2\release\texturing.obj
c:\users\wdcta\onedrive\desktop\kit308\kit308_assignment2\raytracerass2\raytracerass2\release\scene.obj
c:\users\wdcta\onedrive\desktop\kit308\kit308_assignment2\raytracerass2\raytracerass2\release\raytrace.obj
c:\users\wdcta\onedrive\desktop\kit308\kit308_assignment2\raytracerass2\raytracerass2\release\lighting.obj
c:\users\wdcta\onedrive\desktop\kit308\kit308_assignment2\raytracerass2\raytracerass2\release\intersection.obj
c:\users\wdcta\onedrive\desktop\kit308\kit308_assignment2\raytracerass2\raytracerass2\release\imageio.obj
c:\users\wdcta\onedrive\desktop\kit308\kit308_assignment2\raytracerass2\raytracerass2\release\config.obj
c:\users\wdcta\onedrive\desktop\kit308\kit308_assignment2\raytracerass2\release\raytracerass2.exe
c:\users\wdcta\onedrive\desktop\kit308\kit308_assignment2\raytracerass2\release\raytracerass2.pdb
c:\users\wdcta\onedrive\desktop\kit308\kit308_assignment2\raytracerass2\release\raytracerass2.ipdb
c:\users\wdcta\onedrive\desktop\kit308\kit308_assignment2\raytracerass2\release\raytracerass2.iobj
c:\users\wdcta\onedrive\desktop\kit308\assignment 2 submission william colbert 414747\raytracerass2\raytracerass2\release\config.obj
c:\users\wdcta\onedrive\desktop\kit308\assignment 2 submission william colbert 414747\raytracerass2\raytracerass2\release\imageio.obj
c:\users\wdcta\onedrive\desktop\kit308\assignment 2 submission william colbert 414747\raytracerass2\raytracerass2\release\intersection.obj
c:\users\wdcta\onedrive\desktop\kit308\assignment 2 submission william colbert 414747\raytracerass2\raytracerass2\release\lighting.obj
c:\users\wdcta\onedrive\desktop\kit308\assignment 2 submission william colbert 414747\raytracerass2\raytracerass2\release\raytrace.obj
c:\users\wdcta\onedrive\desktop\kit308\assignment 2 submission william colbert 414747\raytracerass2\raytracerass2\release\scene.obj
c:\users\wdcta\onedrive\desktop\kit308\assignment 2 submission william colbert 414747\raytracerass2\raytracerass2\release\texturing.obj
c:\users\wdcta\onedrive\desktop\kit308\assignment 2 submission william colbert 414747\raytracerass2\raytracerass2\release\vc142.pdb
c:\users\wdcta\onedrive\desktop\kit308\assignment 2 submission william colbert 414747\raytracerass2\release\raytracerass2.pdb
c:\users\wdcta\onedrive\desktop\kit308\assignment 2 submission william colbert 414747\raytracerass2\release\raytracerass2.exe
c:\users\wdcta\onedrive\desktop\kit308\assignment 2 submission william colbert 414747\raytracerass2\raytracerass2\release\raytracerass2.tlog\cl.command.1.tlog
c:\users\wdcta\onedrive\desktop\kit308\assignment 2 submission william colbert 414747\raytracerass2\raytracerass2\release\raytracerass2.tlog\cl.read.1.tlog
c:\users\wdcta\onedrive\desktop\kit308\assignment 2 submission william colbert 414747\raytracerass2\raytracerass2\release\raytracerass2.tlog\cl.write.1.tlog
c:\users\wdcta\onedrive\desktop\kit308\assignment 2 submission william colbert 414747\raytracerass2\raytracerass2\release\raytracerass2.tlog\link.command.1.tlog
c:\users\wdcta\onedrive\desktop\kit308\assignment 2 submission william colbert 414747\raytracerass2\raytracerass2\release\raytracerass2.tlog\link.read.1.tlog
c:\users\wdcta\onedrive\desktop\kit308\assignment 2 submission william colbert 414747\raytracerass2\raytracerass2\release\raytracerass2.tlog\link.write.1.tlog
c:\users\wdcta\onedrive\desktop\kit308\assignment 2 submission william colbert 414747\raytracerass2\raytracerass2\release\raytracerass2.tlog\raytracerass2.write.1u.tlog
