c:\users\wdcta\onedrive\desktop\kit308\kit308_assignment2\raytracerass2\stage0_simdspheres\release\vc142.pdb
c:\users\wdcta\onedrive\desktop\kit308\kit308_assignment2\raytracerass2\stage0_simdspheres\release\texturing.obj
c:\users\wdcta\onedrive\desktop\kit308\kit308_assignment2\raytracerass2\stage0_simdspheres\release\scene.obj
c:\users\wdcta\onedrive\desktop\kit308\kit308_assignment2\raytracerass2\stage0_simdspheres\release\raytrace.obj
c:\users\wdcta\onedrive\desktop\kit308\kit308_assignment2\raytracerass2\stage0_simdspheres\release\lighting.obj
c:\users\wdcta\onedrive\desktop\kit308\kit308_assignment2\raytracerass2\stage0_simdspheres\release\intersection.obj
c:\users\wdcta\onedrive\desktop\kit308\kit308_assignment2\raytracerass2\stage0_simdspheres\release\imageio.obj
c:\users\wdcta\onedrive\desktop\kit308\kit308_assignment2\raytracerass2\stage0_simdspheres\release\config.obj
c:\users\wdcta\onedrive\desktop\kit308\kit308_assignment2\raytracerass2\release\stage0_simdspheres.exe
c:\users\wdcta\onedrive\desktop\kit308\kit308_assignment2\raytracerass2\release\stage0_simdspheres.pdb
c:\users\wdcta\onedrive\desktop\kit308\kit308_assignment2\raytracerass2\release\stage0_simdspheres.ipdb
c:\users\wdcta\onedrive\desktop\kit308\kit308_assignment2\raytracerass2\release\stage0_simdspheres.iobj
c:\users\wdcta\onedrive\desktop\kit308\assignment 2 submission william colbert 414747\raytracerass2\stage0_simdspheres\release\config.obj
c:\users\wdcta\onedrive\desktop\kit308\assignment 2 submission william colbert 414747\raytracerass2\stage0_simdspheres\release\imageio.obj
c:\users\wdcta\onedrive\desktop\kit308\assignment 2 submission william colbert 414747\raytracerass2\stage0_simdspheres\release\intersection.obj
c:\users\wdcta\onedrive\desktop\kit308\assignment 2 submission william colbert 414747\raytracerass2\stage0_simdspheres\release\lighting.obj
c:\users\wdcta\onedrive\desktop\kit308\assignment 2 submission william colbert 414747\raytracerass2\stage0_simdspheres\release\raytrace.obj
c:\users\wdcta\onedrive\desktop\kit308\assignment 2 submission william colbert 414747\raytracerass2\stage0_simdspheres\release\scene.obj
c:\users\wdcta\onedrive\desktop\kit308\assignment 2 submission william colbert 414747\raytracerass2\stage0_simdspheres\release\texturing.obj
c:\users\wdcta\onedrive\desktop\kit308\assignment 2 submission william colbert 414747\raytracerass2\stage0_simdspheres\release\vc142.pdb
c:\users\wdcta\onedrive\desktop\kit308\assignment 2 submission william colbert 414747\raytracerass2\release\stage0_simdspheres.pdb
c:\users\wdcta\onedrive\desktop\kit308\assignment 2 submission william colbert 414747\raytracerass2\release\stage0_simdspheres.exe
c:\users\wdcta\onedrive\desktop\kit308\assignment 2 submission william colbert 414747\raytracerass2\stage0_simdspheres\release\stage0_s.621129ff.tlog\cl.command.1.tlog
c:\users\wdcta\onedrive\desktop\kit308\assignment 2 submission william colbert 414747\raytracerass2\stage0_simdspheres\release\stage0_s.621129ff.tlog\cl.read.1.tlog
c:\users\wdcta\onedrive\desktop\kit308\assignment 2 submission william colbert 414747\raytracerass2\stage0_simdspheres\release\stage0_s.621129ff.tlog\cl.write.1.tlog
c:\users\wdcta\onedrive\desktop\kit308\assignment 2 submission william colbert 414747\raytracerass2\stage0_simdspheres\release\stage0_s.621129ff.tlog\link.command.1.tlog
c:\users\wdcta\onedrive\desktop\kit308\assignment 2 submission william colbert 414747\raytracerass2\stage0_simdspheres\release\stage0_s.621129ff.tlog\link.read.1.tlog
c:\users\wdcta\onedrive\desktop\kit308\assignment 2 submission william colbert 414747\raytracerass2\stage0_simdspheres\release\stage0_s.621129ff.tlog\link.write.1.tlog
c:\users\wdcta\onedrive\desktop\kit308\assignment 2 submission william colbert 414747\raytracerass2\stage0_simdspheres\release\stage0_s.621129ff.tlog\stage0_simdspheres.write.1u.tlog
