c:\users\wdcta\onedrive\desktop\kit308\kit308_assignment2\raytracerass2\stage1\release\vc142.pdb
c:\users\wdcta\onedrive\desktop\kit308\kit308_assignment2\raytracerass2\stage1\release\texturing.obj
c:\users\wdcta\onedrive\desktop\kit308\kit308_assignment2\raytracerass2\stage1\release\scene.obj
c:\users\wdcta\onedrive\desktop\kit308\kit308_assignment2\raytracerass2\stage1\release\raytrace.obj
c:\users\wdcta\onedrive\desktop\kit308\kit308_assignment2\raytracerass2\stage1\release\lighting.obj
c:\users\wdcta\onedrive\desktop\kit308\kit308_assignment2\raytracerass2\stage1\release\intersection.obj
c:\users\wdcta\onedrive\desktop\kit308\kit308_assignment2\raytracerass2\stage1\release\imageio.obj
c:\users\wdcta\onedrive\desktop\kit308\kit308_assignment2\raytracerass2\stage1\release\config.obj
c:\users\wdcta\onedrive\desktop\kit308\kit308_assignment2\raytracerass2\release\stage1.exe
c:\users\wdcta\onedrive\desktop\kit308\kit308_assignment2\raytracerass2\release\stage1.pdb
c:\users\wdcta\onedrive\desktop\kit308\kit308_assignment2\raytracerass2\release\stage1.ipdb
c:\users\wdcta\onedrive\desktop\kit308\kit308_assignment2\raytracerass2\release\stage1.iobj
c:\users\wdcta\onedrive\desktop\kit308\assignment 2 submission william colbert 414747\raytracerass2\stage1\release\config.obj
c:\users\wdcta\onedrive\desktop\kit308\assignment 2 submission william colbert 414747\raytracerass2\stage1\release\imageio.obj
c:\users\wdcta\onedrive\desktop\kit308\assignment 2 submission william colbert 414747\raytracerass2\stage1\release\intersection.obj
c:\users\wdcta\onedrive\desktop\kit308\assignment 2 submission william colbert 414747\raytracerass2\stage1\release\lighting.obj
c:\users\wdcta\onedrive\desktop\kit308\assignment 2 submission william colbert 414747\raytracerass2\stage1\release\raytrace.obj
c:\users\wdcta\onedrive\desktop\kit308\assignment 2 submission william colbert 414747\raytracerass2\stage1\release\scene.obj
c:\users\wdcta\onedrive\desktop\kit308\assignment 2 submission william colbert 414747\raytracerass2\stage1\release\texturing.obj
c:\users\wdcta\onedrive\desktop\kit308\assignment 2 submission william colbert 414747\raytracerass2\stage1\release\vc142.pdb
c:\users\wdcta\onedrive\desktop\kit308\assignment 2 submission william colbert 414747\raytracerass2\release\stage1.pdb
c:\users\wdcta\onedrive\desktop\kit308\assignment 2 submission william colbert 414747\raytracerass2\release\stage1.exe
c:\users\wdcta\onedrive\desktop\kit308\assignment 2 submission william colbert 414747\raytracerass2\stage1\release\stage1.tlog\cl.command.1.tlog
c:\users\wdcta\onedrive\desktop\kit308\assignment 2 submission william colbert 414747\raytracerass2\stage1\release\stage1.tlog\cl.read.1.tlog
c:\users\wdcta\onedrive\desktop\kit308\assignment 2 submission william colbert 414747\raytracerass2\stage1\release\stage1.tlog\cl.write.1.tlog
c:\users\wdcta\onedrive\desktop\kit308\assignment 2 submission william colbert 414747\raytracerass2\stage1\release\stage1.tlog\link.command.1.tlog
c:\users\wdcta\onedrive\desktop\kit308\assignment 2 submission william colbert 414747\raytracerass2\stage1\release\stage1.tlog\link.read.1.tlog
c:\users\wdcta\onedrive\desktop\kit308\assignment 2 submission william colbert 414747\raytracerass2\stage1\release\stage1.tlog\link.write.1.tlog
c:\users\wdcta\onedrive\desktop\kit308\assignment 2 submission william colbert 414747\raytracerass2\stage1\release\stage1.tlog\stage1.write.1u.tlog
